<?xml version="1.0" encoding="UTF-8"?>
<!-- Generated by org.testng.reporters.JUnitReportReporter -->
<testsuite hostname="Anh_PC" name="com.test.vn.mytest.HelloWorldTest" tests="1" failures="0" timestamp="17 May 2017 01:30:58 GMT" time="63.656" errors="0">
  <testcase name="login" time="63.656" classname="com.test.vn.mytest.HelloWorldTest"/>
</testsuite> <!-- com.test.vn.mytest.HelloWorldTest -->
