<?xml version="1.0" encoding="UTF-8"?>
<!-- Generated by org.testng.reporters.JUnitReportReporter -->
<testsuite hostname="Anh_PC" name="com.test.vn.mytest.HelloWorldTest" tests="1" failures="0" timestamp="19 May 2017 07:06:51 GMT" time="9.284" errors="0">
  <testcase name="login" time="9.284" classname="com.test.vn.mytest.HelloWorldTest"/>
</testsuite> <!-- com.test.vn.mytest.HelloWorldTest -->
